        -:    0:Source:myClassCold.cpp
        -:    0:Graph:OUT-myClassCold.gcno
        -:    0:Data:OUT-myClassCold.gcda
        -:    0:Runs:1
        -:    1:
        -:    2:#include "myClassCold.h"
        -:    3:
        1:    4:int Foo::get_result(){
        1:    5:    return result; 
        -:    6:}
        -:    7:
        1:    8:void Foo::foo(){
        1:    9:            int k = 1; 
        -:   10:
   100001:   11:            for(int i = 0; i < 100000; i++){
   100000:   12:                if (i % 738 == 0){
      136:   13:                    k++;
      136:   14:                    k++;
        -:   15:                }
   100000:   16:                k++;                
        -:   17:            }
        1:   18:            result = k; 
        -:   19:
        1:   20:}
